Flow report for part2
Wed Sep 07 21:23:18 2022
Quartus II 64-Bit Version 13.0.1 Build 232 06/12/2013 Service Pack 1 SJ Full Version


---------------------
; Table of Contents ;
---------------------
  1. Legal Notice
  2. Flow Summary
  3. Flow Settings
  4. Flow Non-Default Global Settings
  5. Flow Elapsed Time
  6. Flow OS Summary
  7. Flow Log
  8. Flow Messages
  9. Flow Suppressed Messages



----------------
; Legal Notice ;
----------------
Copyright (C) 1991-2013 Altera Corporation
Your use of Altera Corporation's design tools, logic functions 
and other software and tools, and its AMPP partner logic 
functions, and any output files from any of the foregoing 
(including device programming or simulation files), and any 
associated documentation or information are expressly subject 
to the terms and conditions of the Altera Program License 
Subscription Agreement, Altera MegaCore Function License 
Agreement, or other applicable license agreement, including, 
without limitation, that your use is for the sole purpose of 
programming logic devices manufactured by Altera and sold by 
Altera or its authorized distributors.  Please refer to the 
applicable agreement for further details.



+------------------------------------------------------------------------------+
; Flow Summary                                                                 ;
+---------------------------+--------------------------------------------------+
; Flow Status               ; Successful - Wed Sep 07 21:23:18 2022            ;
; Quartus II 64-Bit Version ; 13.0.1 Build 232 06/12/2013 SP 1 SJ Full Version ;
; Revision Name             ; part2                                            ;
; Top-level Entity Name     ; part2                                            ;
; Family                    ; MAX7000S                                         ;
; Device                    ; EPM7064SLC44-10                                  ;
; Timing Models             ; Final                                            ;
; Total macrocells          ; 2 / 64 ( 3 % )                                   ;
; Total pins                ; 9 / 36 ( 25 % )                                  ;
+---------------------------+--------------------------------------------------+


+-----------------------------------------+
; Flow Settings                           ;
+-------------------+---------------------+
; Option            ; Setting             ;
+-------------------+---------------------+
; Start date & time ; 09/07/2022 21:23:03 ;
; Main task         ; Compilation         ;
; Revision Name     ; part2               ;
+-------------------+---------------------+


+---------------------------------------------------------------------------------------------------------------+
; Flow Non-Default Global Settings                                                                              ;
+---------------------------------+------------------------------+---------------+-------------+----------------+
; Assignment Name                 ; Value                        ; Default Value ; Entity Name ; Section Id     ;
+---------------------------------+------------------------------+---------------+-------------+----------------+
; COMPILER_SIGNATURE_ID           ; 335034330074.166260018301052 ; --            ; --          ; --             ;
; EDA_GENERATE_FUNCTIONAL_NETLIST ; On                           ; --            ; --          ; eda_simulation ;
; EDA_OUTPUT_DATA_FORMAT          ; Verilog Hdl                  ; --            ; --          ; eda_simulation ;
; EDA_SIMULATION_TOOL             ; ModelSim-Altera (Verilog)    ; <None>        ; --          ; --             ;
; MAX_CORE_JUNCTION_TEMP          ; 85                           ; --            ; --          ; --             ;
; MIN_CORE_JUNCTION_TEMP          ; 0                            ; --            ; --          ; --             ;
; PROJECT_OUTPUT_DIRECTORY        ; output_files                 ; --            ; --          ; --             ;
+---------------------------------+------------------------------+---------------+-------------+----------------+


+-------------------------------------------------------------------------------------------------------------------------------+
; Flow Elapsed Time                                                                                                             ;
+---------------------------+--------------+-------------------------+---------------------+------------------------------------+
; Module Name               ; Elapsed Time ; Average Processors Used ; Peak Virtual Memory ; Total CPU Time (on all processors) ;
+---------------------------+--------------+-------------------------+---------------------+------------------------------------+
; Analysis & Synthesis      ; 00:00:00     ; 1.0                     ; 4574 MB             ; 00:00:01                           ;
; Fitter                    ; 00:00:01     ; 1.0                     ; 4804 MB             ; 00:00:01                           ;
; Assembler                 ; 00:00:00     ; 1.0                     ; 4517 MB             ; 00:00:00                           ;
; TimeQuest Timing Analyzer ; 00:00:01     ; 1.0                     ; 4537 MB             ; 00:00:01                           ;
; EDA Netlist Writer        ; 00:00:01     ; 1.0                     ; 4473 MB             ; 00:00:00                           ;
; EDA Netlist Writer        ; 00:00:01     ; 1.0                     ; 4486 MB             ; 00:00:00                           ;
; EDA Netlist Writer        ; 00:00:01     ; 1.0                     ; 4486 MB             ; 00:00:00                           ;
; Total                     ; 00:00:05     ; --                      ; --                  ; 00:00:03                           ;
+---------------------------+--------------+-------------------------+---------------------+------------------------------------+


+----------------------------------------------------------------------------------------+
; Flow OS Summary                                                                        ;
+---------------------------+------------------+-----------+------------+----------------+
; Module Name               ; Machine Hostname ; OS Name   ; OS Version ; Processor type ;
+---------------------------+------------------+-----------+------------+----------------+
; Analysis & Synthesis      ; SB082-12-53911   ; Windows 7 ; 6.2        ; x86_64         ;
; Fitter                    ; SB082-12-53911   ; Windows 7 ; 6.2        ; x86_64         ;
; Assembler                 ; SB082-12-53911   ; Windows 7 ; 6.2        ; x86_64         ;
; TimeQuest Timing Analyzer ; SB082-12-53911   ; Windows 7 ; 6.2        ; x86_64         ;
; EDA Netlist Writer        ; SB082-12-53911   ; Windows 7 ; 6.2        ; x86_64         ;
; EDA Netlist Writer        ; SB082-12-53911   ; Windows 7 ; 6.2        ; x86_64         ;
; EDA Netlist Writer        ; SB082-12-53911   ; Windows 7 ; 6.2        ; x86_64         ;
+---------------------------+------------------+-----------+------------+----------------+


------------
; Flow Log ;
------------
quartus_map --read_settings_files=on --write_settings_files=off part2 -c part2
quartus_fit --read_settings_files=off --write_settings_files=off part2 -c part2
quartus_asm --read_settings_files=off --write_settings_files=off part2 -c part2
quartus_sta part2 -c part2
quartus_eda --read_settings_files=off --write_settings_files=off part2 -c part2
quartus_eda --gen_testbench --check_outputs=on --tool=modelsim_oem --format=verilog part2 -c part2 --vector_source="C:/Users/zs35/Desktop/OneDrive - Calvin University/ENGR220L/lab02/part B/Waveform.vwf" --testbench_file=./simulation/qsim/part2.vt
quartus_eda --functional=on --simulation=on --tool=modelsim_oem --format=verilog part2 -c part2



