Flow report for Lab5Design
Wed Sep 28 19:34:25 2022
Quartus II 64-Bit Version 13.0.1 Build 232 06/12/2013 Service Pack 1 SJ Full Version


---------------------
; Table of Contents ;
---------------------
  1. Legal Notice
  2. Flow Summary
  3. Flow Settings
  4. Flow Non-Default Global Settings
  5. Flow Elapsed Time
  6. Flow OS Summary
  7. Flow Log
  8. Flow Messages
  9. Flow Suppressed Messages



----------------
; Legal Notice ;
----------------
Copyright (C) 1991-2013 Altera Corporation
Your use of Altera Corporation's design tools, logic functions 
and other software and tools, and its AMPP partner logic 
functions, and any output files from any of the foregoing 
(including device programming or simulation files), and any 
associated documentation or information are expressly subject 
to the terms and conditions of the Altera Program License 
Subscription Agreement, Altera MegaCore Function License 
Agreement, or other applicable license agreement, including, 
without limitation, that your use is for the sole purpose of 
programming logic devices manufactured by Altera and sold by 
Altera or its authorized distributors.  Please refer to the 
applicable agreement for further details.



+---------------------------------------------------------------------------------------+
; Flow Summary                                                                          ;
+------------------------------------+--------------------------------------------------+
; Flow Status                        ; Successful - Wed Sep 28 19:34:23 2022            ;
; Quartus II 64-Bit Version          ; 13.0.1 Build 232 06/12/2013 SP 1 SJ Full Version ;
; Revision Name                      ; Lab5Design                                       ;
; Top-level Entity Name              ; Lab5Design                                       ;
; Family                             ; Cyclone II                                       ;
; Device                             ; EP2C35F672C6                                     ;
; Timing Models                      ; Final                                            ;
; Total logic elements               ; 2,022 / 33,216 ( 6 % )                           ;
;     Total combinational functions  ; 1,848 / 33,216 ( 6 % )                           ;
;     Dedicated logic registers      ; 1,277 / 33,216 ( 4 % )                           ;
; Total registers                    ; 1277                                             ;
; Total pins                         ; 2 / 475 ( < 1 % )                                ;
; Total virtual pins                 ; 0                                                ;
; Total memory bits                  ; 175,616 / 483,840 ( 36 % )                       ;
; Embedded Multiplier 9-bit elements ; 4 / 70 ( 6 % )                                   ;
; Total PLLs                         ; 0 / 4 ( 0 % )                                    ;
+------------------------------------+--------------------------------------------------+


+-----------------------------------------+
; Flow Settings                           ;
+-------------------+---------------------+
; Option            ; Setting             ;
+-------------------+---------------------+
; Start date & time ; 09/28/2022 19:33:59 ;
; Main task         ; Compilation         ;
; Revision Name     ; Lab5Design          ;
+-------------------+---------------------+


+--------------------------------------------------------------------------------------------------------------------------------------------------------------------+
; Flow Non-Default Global Settings                                                                                                                                   ;
+-------------------------------------+---------------------------------------------------------------+---------------+---------------------------------+------------+
; Assignment Name                     ; Value                                                         ; Default Value ; Entity Name                     ; Section Id ;
+-------------------------------------+---------------------------------------------------------------+---------------+---------------------------------+------------+
; COMPILER_SIGNATURE_ID               ; 335034330074.166440803909700                                  ; --            ; --                              ; --         ;
; IP_TOOL_ENV                         ; Qsys                                                          ; --            ; altera_avalon_sc_fifo           ; --         ;
; IP_TOOL_ENV                         ; Qsys                                                          ; --            ; altera_merlin_master_agent      ; --         ;
; IP_TOOL_ENV                         ; Qsys                                                          ; --            ; altera_merlin_master_translator ; --         ;
; IP_TOOL_ENV                         ; Qsys                                                          ; --            ; altera_merlin_slave_agent       ; --         ;
; IP_TOOL_ENV                         ; Qsys                                                          ; --            ; altera_merlin_slave_translator  ; --         ;
; IP_TOOL_ENV                         ; Qsys                                                          ; --            ; altera_merlin_traffic_limiter   ; --         ;
; IP_TOOL_ENV                         ; Qsys                                                          ; --            ; altera_reset_controller         ; --         ;
; IP_TOOL_ENV                         ; Qsys                                                          ; --            ; nios_system                     ; --         ;
; IP_TOOL_ENV                         ; Qsys                                                          ; --            ; nios_system_addr_router         ; --         ;
; IP_TOOL_ENV                         ; Qsys                                                          ; --            ; nios_system_cmd_xbar_demux      ; --         ;
; IP_TOOL_ENV                         ; Qsys                                                          ; --            ; nios_system_cmd_xbar_demux_001  ; --         ;
; IP_TOOL_ENV                         ; Qsys                                                          ; --            ; nios_system_cmd_xbar_mux        ; --         ;
; IP_TOOL_ENV                         ; Qsys                                                          ; --            ; nios_system_id_router           ; --         ;
; IP_TOOL_ENV                         ; Qsys                                                          ; --            ; nios_system_irq_mapper          ; --         ;
; IP_TOOL_ENV                         ; Qsys                                                          ; --            ; nios_system_nios2_qsys_0        ; --         ;
; IP_TOOL_ENV                         ; Qsys                                                          ; --            ; nios_system_onchip_memory2_0    ; --         ;
; IP_TOOL_ENV                         ; Qsys                                                          ; --            ; nios_system_rsp_xbar_mux        ; --         ;
; IP_TOOL_NAME                        ; altera_avalon_sc_fifo                                         ; --            ; altera_avalon_sc_fifo           ; --         ;
; IP_TOOL_NAME                        ; altera_merlin_master_agent                                    ; --            ; altera_merlin_master_agent      ; --         ;
; IP_TOOL_NAME                        ; altera_merlin_master_translator                               ; --            ; altera_merlin_master_translator ; --         ;
; IP_TOOL_NAME                        ; altera_merlin_slave_agent                                     ; --            ; altera_merlin_slave_agent       ; --         ;
; IP_TOOL_NAME                        ; altera_merlin_slave_translator                                ; --            ; altera_merlin_slave_translator  ; --         ;
; IP_TOOL_NAME                        ; altera_merlin_traffic_limiter                                 ; --            ; altera_merlin_traffic_limiter   ; --         ;
; IP_TOOL_NAME                        ; altera_reset_controller                                       ; --            ; altera_reset_controller         ; --         ;
; IP_TOOL_NAME                        ; Qsys                                                          ; --            ; nios_system                     ; --         ;
; IP_TOOL_NAME                        ; altera_merlin_router                                          ; --            ; nios_system_addr_router         ; --         ;
; IP_TOOL_NAME                        ; altera_merlin_demultiplexer                                   ; --            ; nios_system_cmd_xbar_demux      ; --         ;
; IP_TOOL_NAME                        ; altera_merlin_demultiplexer                                   ; --            ; nios_system_cmd_xbar_demux_001  ; --         ;
; IP_TOOL_NAME                        ; altera_merlin_multiplexer                                     ; --            ; nios_system_cmd_xbar_mux        ; --         ;
; IP_TOOL_NAME                        ; altera_merlin_router                                          ; --            ; nios_system_id_router           ; --         ;
; IP_TOOL_NAME                        ; altera_irq_mapper                                             ; --            ; nios_system_irq_mapper          ; --         ;
; IP_TOOL_NAME                        ; altera_nios2_qsys                                             ; --            ; nios_system_nios2_qsys_0        ; --         ;
; IP_TOOL_NAME                        ; altera_avalon_onchip_memory2                                  ; --            ; nios_system_onchip_memory2_0    ; --         ;
; IP_TOOL_NAME                        ; altera_merlin_multiplexer                                     ; --            ; nios_system_rsp_xbar_mux        ; --         ;
; IP_TOOL_VERSION                     ; 13.0                                                          ; --            ; altera_avalon_sc_fifo           ; --         ;
; IP_TOOL_VERSION                     ; 13.0                                                          ; --            ; altera_merlin_master_agent      ; --         ;
; IP_TOOL_VERSION                     ; 13.0                                                          ; --            ; altera_merlin_master_translator ; --         ;
; IP_TOOL_VERSION                     ; 13.0                                                          ; --            ; altera_merlin_slave_agent       ; --         ;
; IP_TOOL_VERSION                     ; 13.0                                                          ; --            ; altera_merlin_slave_translator  ; --         ;
; IP_TOOL_VERSION                     ; 13.0                                                          ; --            ; altera_merlin_traffic_limiter   ; --         ;
; IP_TOOL_VERSION                     ; 13.0                                                          ; --            ; altera_reset_controller         ; --         ;
; IP_TOOL_VERSION                     ; 13.0sp1                                                       ; --            ; nios_system                     ; --         ;
; IP_TOOL_VERSION                     ; 13.0                                                          ; --            ; nios_system_addr_router         ; --         ;
; IP_TOOL_VERSION                     ; 13.0                                                          ; --            ; nios_system_cmd_xbar_demux      ; --         ;
; IP_TOOL_VERSION                     ; 13.0                                                          ; --            ; nios_system_cmd_xbar_demux_001  ; --         ;
; IP_TOOL_VERSION                     ; 13.0                                                          ; --            ; nios_system_cmd_xbar_mux        ; --         ;
; IP_TOOL_VERSION                     ; 13.0                                                          ; --            ; nios_system_id_router           ; --         ;
; IP_TOOL_VERSION                     ; 13.0                                                          ; --            ; nios_system_irq_mapper          ; --         ;
; IP_TOOL_VERSION                     ; 13.0                                                          ; --            ; nios_system_nios2_qsys_0        ; --         ;
; IP_TOOL_VERSION                     ; 13.0.1.99.2                                                   ; --            ; nios_system_onchip_memory2_0    ; --         ;
; IP_TOOL_VERSION                     ; 13.0                                                          ; --            ; nios_system_rsp_xbar_mux        ; --         ;
; MAX_CORE_JUNCTION_TEMP              ; 85                                                            ; --            ; --                              ; --         ;
; MIN_CORE_JUNCTION_TEMP              ; 0                                                             ; --            ; --                              ; --         ;
; MISC_FILE                           ; nios_system/synthesis/../../nios_system.cmp                   ; --            ; --                              ; --         ;
; MISC_FILE                           ; nios_system/synthesis/../../nios_system.qsys                  ; --            ; --                              ; --         ;
; PARTITION_COLOR                     ; 16764057                                                      ; --            ; --                              ; Top        ;
; PARTITION_FITTER_PRESERVATION_LEVEL ; PLACEMENT_AND_ROUTING                                         ; --            ; --                              ; Top        ;
; PARTITION_NETLIST_TYPE              ; SOURCE                                                        ; --            ; --                              ; Top        ;
; PROJECT_OUTPUT_DIRECTORY            ; output_files                                                  ; --            ; --                              ; --         ;
; SLD_INFO                            ; QSYS_NAME nios_system HAS_SOPCINFO 1 GENERATION_ID 1664407422 ; --            ; nios_system                     ; --         ;
; SOPCINFO_FILE                       ; nios_system/synthesis/../../nios_system.sopcinfo              ; --            ; --                              ; --         ;
; SYNTHESIS_ONLY_QIP                  ; On                                                            ; --            ; --                              ; --         ;
+-------------------------------------+---------------------------------------------------------------+---------------+---------------------------------+------------+


+-------------------------------------------------------------------------------------------------------------------------------+
; Flow Elapsed Time                                                                                                             ;
+---------------------------+--------------+-------------------------+---------------------+------------------------------------+
; Module Name               ; Elapsed Time ; Average Processors Used ; Peak Virtual Memory ; Total CPU Time (on all processors) ;
+---------------------------+--------------+-------------------------+---------------------+------------------------------------+
; Analysis & Synthesis      ; 00:00:09     ; 1.0                     ; 4728 MB             ; 00:00:09                           ;
; Fitter                    ; 00:00:10     ; 1.0                     ; 5526 MB             ; 00:00:11                           ;
; Assembler                 ; 00:00:02     ; 1.0                     ; 4601 MB             ; 00:00:02                           ;
; TimeQuest Timing Analyzer ; 00:00:01     ; 1.0                     ; 4605 MB             ; 00:00:01                           ;
; Total                     ; 00:00:22     ; --                      ; --                  ; 00:00:23                           ;
+---------------------------+--------------+-------------------------+---------------------+------------------------------------+


+----------------------------------------------------------------------------------------+
; Flow OS Summary                                                                        ;
+---------------------------+------------------+-----------+------------+----------------+
; Module Name               ; Machine Hostname ; OS Name   ; OS Version ; Processor type ;
+---------------------------+------------------+-----------+------------+----------------+
; Analysis & Synthesis      ; SB082-12-53911   ; Windows 7 ; 6.2        ; x86_64         ;
; Fitter                    ; SB082-12-53911   ; Windows 7 ; 6.2        ; x86_64         ;
; Assembler                 ; SB082-12-53911   ; Windows 7 ; 6.2        ; x86_64         ;
; TimeQuest Timing Analyzer ; SB082-12-53911   ; Windows 7 ; 6.2        ; x86_64         ;
+---------------------------+------------------+-----------+------------+----------------+


------------
; Flow Log ;
------------
quartus_map --read_settings_files=on --write_settings_files=off Lab5Design -c Lab5Design
quartus_fit --read_settings_files=off --write_settings_files=off Lab5Design -c Lab5Design
quartus_asm --read_settings_files=off --write_settings_files=off Lab5Design -c Lab5Design
quartus_sta Lab5Design -c Lab5Design



